0:0:0:0:0:0:0:1 - - [27/Nov/2021:17:23:06 +0700] "GET / HTTP/1.1" 200 1123
0:0:0:0:0:0:0:1 - - [27/Nov/2021:17:23:06 +0700] "GET /css/bootstrap.min.css HTTP/1.1" 200 83044
0:0:0:0:0:0:0:1 - - [27/Nov/2021:17:23:06 +0700] "GET /favicon.ico HTTP/1.1" 500 6059
0:0:0:0:0:0:0:1 - - [27/Nov/2021:17:23:34 +0700] "GET /?form HTTP/1.1" 200 1159
0:0:0:0:0:0:0:1 - - [27/Nov/2021:17:23:34 +0700] "GET /favicon.ico HTTP/1.1" 500 3966
0:0:0:0:0:0:0:1 - - [27/Nov/2021:17:23:37 +0700] "POST /?form HTTP/1.1" 200 1321
0:0:0:0:0:0:0:1 - - [27/Nov/2021:17:23:37 +0700] "GET /favicon.ico HTTP/1.1" 500 3966
0:0:0:0:0:0:0:1 - - [27/Nov/2021:17:23:47 +0700] "POST /?form HTTP/1.1" 302 -
0:0:0:0:0:0:0:1 - - [27/Nov/2021:17:23:47 +0700] "GET /1;jsessionid=5EB59FA443786D0976E4A9707B592E12 HTTP/1.1" 200 1123
0:0:0:0:0:0:0:1 - - [27/Nov/2021:17:23:47 +0700] "GET /css/bootstrap.min.css HTTP/1.1" 304 -
0:0:0:0:0:0:0:1 - - [27/Nov/2021:17:23:47 +0700] "GET /favicon.ico HTTP/1.1" 500 3966
0:0:0:0:0:0:0:1 - - [27/Nov/2021:17:24:12 +0700] "GET / HTTP/1.1" 200 1210
0:0:0:0:0:0:0:1 - - [27/Nov/2021:17:24:12 +0700] "GET /favicon.ico HTTP/1.1" 500 3966
0:0:0:0:0:0:0:1 - - [27/Nov/2021:17:24:24 +0700] "GET /?form HTTP/1.1" 200 1159
0:0:0:0:0:0:0:1 - - [27/Nov/2021:17:24:24 +0700] "GET /favicon.ico HTTP/1.1" 500 3966
0:0:0:0:0:0:0:1 - - [27/Nov/2021:17:40:18 +0700] "GET / HTTP/1.1" 200 1123
0:0:0:0:0:0:0:1 - - [27/Nov/2021:17:40:18 +0700] "GET /css/bootstrap.min.css HTTP/1.1" 304 -
0:0:0:0:0:0:0:1 - - [27/Nov/2021:17:40:18 +0700] "GET /favicon.ico HTTP/1.1" 500 6059
127.0.0.1 - - [27/Nov/2021:17:41:10 +0700] "GET /?form HTTP/1.1" 200 1159
127.0.0.1 - - [27/Nov/2021:17:41:10 +0700] "GET /favicon.ico HTTP/1.1" 500 3966
0:0:0:0:0:0:0:1 - - [27/Nov/2021:17:54:26 +0700] "GET / HTTP/1.1" 200 1123
0:0:0:0:0:0:0:1 - - [27/Nov/2021:17:54:26 +0700] "GET /css/bootstrap.min.css HTTP/1.1" 304 -
0:0:0:0:0:0:0:1 - - [27/Nov/2021:17:54:26 +0700] "GET /favicon.ico HTTP/1.1" 500 3966
0:0:0:0:0:0:0:1 - - [27/Nov/2021:17:55:37 +0700] "GET /?form HTTP/1.1" 200 1159
0:0:0:0:0:0:0:1 - - [27/Nov/2021:17:55:37 +0700] "GET /favicon.ico HTTP/1.1" 500 3966
