0:0:0:0:0:0:0:1 - - [28/Nov/2021:10:10:31 +0700] "GET /css/bootstrap.min.css HTTP/1.1" 304 -
0:0:0:0:0:0:0:1 - - [28/Nov/2021:10:10:32 +0700] "GET /favicon.ico HTTP/1.1" 500 6059
0:0:0:0:0:0:0:1 - - [28/Nov/2021:10:10:35 +0700] "GET / HTTP/1.1" 200 1123
0:0:0:0:0:0:0:1 - - [28/Nov/2021:10:10:35 +0700] "GET /favicon.ico HTTP/1.1" 500 3966
0:0:0:0:0:0:0:1 - - [28/Nov/2021:10:13:22 +0700] "GET / HTTP/1.1" 200 1123
0:0:0:0:0:0:0:1 - - [28/Nov/2021:10:13:22 +0700] "GET /favicon.ico HTTP/1.1" 500 6059
0:0:0:0:0:0:0:1 - - [28/Nov/2021:10:13:27 +0700] "GET / HTTP/1.1" 200 1123
0:0:0:0:0:0:0:1 - - [28/Nov/2021:10:13:27 +0700] "GET /favicon.ico HTTP/1.1" 500 3966
0:0:0:0:0:0:0:1 - - [28/Nov/2021:10:27:40 +0700] "GET / HTTP/1.1" 200 1123
0:0:0:0:0:0:0:1 - - [28/Nov/2021:10:27:40 +0700] "GET /favicon.ico HTTP/1.1" 500 6059
0:0:0:0:0:0:0:1 - - [28/Nov/2021:10:47:09 +0700] "GET / HTTP/1.1" 200 1123
0:0:0:0:0:0:0:1 - - [28/Nov/2021:10:47:10 +0700] "GET /favicon.ico HTTP/1.1" 500 6059
0:0:0:0:0:0:0:1 - - [28/Nov/2021:10:47:36 +0700] "GET /?form HTTP/1.1" 200 1159
0:0:0:0:0:0:0:1 - - [28/Nov/2021:10:47:36 +0700] "GET /favicon.ico HTTP/1.1" 500 3966
0:0:0:0:0:0:0:1 - - [28/Nov/2021:10:47:44 +0700] "POST /?form HTTP/1.1" 302 -
0:0:0:0:0:0:0:1 - - [28/Nov/2021:10:47:44 +0700] "GET /1;jsessionid=06B59FB3651C0E36118C5F23B5857422 HTTP/1.1" 200 1121
0:0:0:0:0:0:0:1 - - [28/Nov/2021:10:47:44 +0700] "GET /favicon.ico HTTP/1.1" 500 3966
0:0:0:0:0:0:0:1 - - [28/Nov/2021:10:47:46 +0700] "GET / HTTP/1.1" 200 1210
0:0:0:0:0:0:0:1 - - [28/Nov/2021:10:47:46 +0700] "GET /favicon.ico HTTP/1.1" 500 3966
0:0:0:0:0:0:0:1 - - [28/Nov/2021:10:47:48 +0700] "GET / HTTP/1.1" 200 1210
0:0:0:0:0:0:0:1 - - [28/Nov/2021:10:47:48 +0700] "GET /favicon.ico HTTP/1.1" 500 3966
0:0:0:0:0:0:0:1 - - [28/Nov/2021:10:47:50 +0700] "GET / HTTP/1.1" 200 1210
0:0:0:0:0:0:0:1 - - [28/Nov/2021:10:47:50 +0700] "GET /favicon.ico HTTP/1.1" 500 3966
0:0:0:0:0:0:0:1 - - [28/Nov/2021:10:47:51 +0700] "GET / HTTP/1.1" 200 1210
0:0:0:0:0:0:0:1 - - [28/Nov/2021:10:47:51 +0700] "GET /favicon.ico HTTP/1.1" 500 3966
0:0:0:0:0:0:0:1 - - [28/Nov/2021:10:47:54 +0700] "GET /1 HTTP/1.1" 200 1048
0:0:0:0:0:0:0:1 - - [28/Nov/2021:10:47:54 +0700] "GET /favicon.ico HTTP/1.1" 500 3966
0:0:0:0:0:0:0:1 - - [28/Nov/2021:10:47:56 +0700] "GET /favicon.ico HTTP/1.1" 500 3966
0:0:0:0:0:0:0:1 - - [28/Nov/2021:10:48:35 +0700] "GET / HTTP/1.1" 200 1123
0:0:0:0:0:0:0:1 - - [28/Nov/2021:10:48:36 +0700] "GET /favicon.ico HTTP/1.1" 500 6059
0:0:0:0:0:0:0:1 - - [28/Nov/2021:10:49:14 +0700] "GET / HTTP/1.1" 200 1123
0:0:0:0:0:0:0:1 - - [28/Nov/2021:10:49:14 +0700] "GET /favicon.ico HTTP/1.1" 500 6059
0:0:0:0:0:0:0:1 - - [28/Nov/2021:10:49:53 +0700] "GET / HTTP/1.1" 200 1123
0:0:0:0:0:0:0:1 - - [28/Nov/2021:10:49:53 +0700] "GET /favicon.ico HTTP/1.1" 500 6059
0:0:0:0:0:0:0:1 - - [28/Nov/2021:10:50:34 +0700] "GET / HTTP/1.1" 200 1123
0:0:0:0:0:0:0:1 - - [28/Nov/2021:10:50:34 +0700] "GET /favicon.ico HTTP/1.1" 500 6059
0:0:0:0:0:0:0:1 - - [28/Nov/2021:10:51:02 +0700] "GET / HTTP/1.1" 200 1123
0:0:0:0:0:0:0:1 - - [28/Nov/2021:10:51:02 +0700] "GET /favicon.ico HTTP/1.1" 500 6059
0:0:0:0:0:0:0:1 - - [28/Nov/2021:10:51:48 +0700] "GET / HTTP/1.1" 200 1123
0:0:0:0:0:0:0:1 - - [28/Nov/2021:10:51:49 +0700] "GET /favicon.ico HTTP/1.1" 500 6059
0:0:0:0:0:0:0:1 - - [28/Nov/2021:10:52:31 +0700] "GET / HTTP/1.1" 200 1123
0:0:0:0:0:0:0:1 - - [28/Nov/2021:10:52:31 +0700] "GET /favicon.ico HTTP/1.1" 500 6059
0:0:0:0:0:0:0:1 - - [28/Nov/2021:10:54:08 +0700] "GET / HTTP/1.1" 200 1123
0:0:0:0:0:0:0:1 - - [28/Nov/2021:10:54:08 +0700] "GET /favicon.ico HTTP/1.1" 500 6059
0:0:0:0:0:0:0:1 - - [28/Nov/2021:10:55:08 +0700] "GET / HTTP/1.1" 200 1123
0:0:0:0:0:0:0:1 - - [28/Nov/2021:10:55:08 +0700] "GET /favicon.ico HTTP/1.1" 500 6059
0:0:0:0:0:0:0:1 - - [28/Nov/2021:10:56:17 +0700] "GET / HTTP/1.1" 200 1123
0:0:0:0:0:0:0:1 - - [28/Nov/2021:10:56:17 +0700] "GET /favicon.ico HTTP/1.1" 500 6059
0:0:0:0:0:0:0:1 - - [28/Nov/2021:10:56:59 +0700] "GET / HTTP/1.1" 200 1123
0:0:0:0:0:0:0:1 - - [28/Nov/2021:10:56:59 +0700] "GET /favicon.ico HTTP/1.1" 500 6059
0:0:0:0:0:0:0:1 - - [28/Nov/2021:11:02:28 +0700] "GET / HTTP/1.1" 200 1123
0:0:0:0:0:0:0:1 - - [28/Nov/2021:11:02:28 +0700] "GET /favicon.ico HTTP/1.1" 500 6059
0:0:0:0:0:0:0:1 - - [28/Nov/2021:11:04:39 +0700] "GET / HTTP/1.1" 200 1123
0:0:0:0:0:0:0:1 - - [28/Nov/2021:11:04:39 +0700] "GET /favicon.ico HTTP/1.1" 500 3966
0:0:0:0:0:0:0:1 - - [28/Nov/2021:11:07:35 +0700] "GET / HTTP/1.1" 200 1062
0:0:0:0:0:0:0:1 - - [28/Nov/2021:11:07:35 +0700] "GET /favicon.ico HTTP/1.1" 500 6059
127.0.0.1 - - [28/Nov/2021:11:07:37 +0700] "GET / HTTP/1.1" 200 1062
127.0.0.1 - - [28/Nov/2021:11:07:38 +0700] "GET /favicon.ico HTTP/1.1" 500 3966
127.0.0.1 - - [28/Nov/2021:11:07:42 +0700] "GET / HTTP/1.1" 200 1062
127.0.0.1 - - [28/Nov/2021:11:07:42 +0700] "GET /favicon.ico HTTP/1.1" 500 3966
0:0:0:0:0:0:0:1 - - [28/Nov/2021:11:10:11 +0700] "GET / HTTP/1.1" 200 1081
0:0:0:0:0:0:0:1 - - [28/Nov/2021:11:10:11 +0700] "GET /favicon.ico HTTP/1.1" 500 6059
0:0:0:0:0:0:0:1 - - [28/Nov/2021:11:11:28 +0700] "GET / HTTP/1.1" 200 1084
0:0:0:0:0:0:0:1 - - [28/Nov/2021:11:11:28 +0700] "GET /favicon.ico HTTP/1.1" 500 6059
0:0:0:0:0:0:0:1 - - [28/Nov/2021:11:13:33 +0700] "GET / HTTP/1.1" 200 1084
0:0:0:0:0:0:0:1 - - [28/Nov/2021:11:13:34 +0700] "GET /favicon.ico HTTP/1.1" 500 6059
0:0:0:0:0:0:0:1 - - [28/Nov/2021:11:15:09 +0700] "GET / HTTP/1.1" 200 1084
0:0:0:0:0:0:0:1 - - [28/Nov/2021:11:15:09 +0700] "GET /favicon.ico HTTP/1.1" 500 6059
0:0:0:0:0:0:0:1 - - [28/Nov/2021:11:15:39 +0700] "GET / HTTP/1.1" 200 1071
0:0:0:0:0:0:0:1 - - [28/Nov/2021:11:15:40 +0700] "GET /favicon.ico HTTP/1.1" 500 6059
0:0:0:0:0:0:0:1 - - [28/Nov/2021:11:16:43 +0700] "GET / HTTP/1.1" 200 1071
0:0:0:0:0:0:0:1 - - [28/Nov/2021:11:16:43 +0700] "GET /favicon.ico HTTP/1.1" 500 6059
0:0:0:0:0:0:0:1 - - [28/Nov/2021:11:19:09 +0700] "GET / HTTP/1.1" 200 1271
0:0:0:0:0:0:0:1 - - [28/Nov/2021:11:19:09 +0700] "GET /favicon.ico HTTP/1.1" 500 6059
0:0:0:0:0:0:0:1 - - [28/Nov/2021:11:20:24 +0700] "GET / HTTP/1.1" 200 1100
0:0:0:0:0:0:0:1 - - [28/Nov/2021:11:20:24 +0700] "GET /favicon.ico HTTP/1.1" 500 6059
0:0:0:0:0:0:0:1 - - [28/Nov/2021:11:21:55 +0700] "GET / HTTP/1.1" 200 1160
0:0:0:0:0:0:0:1 - - [28/Nov/2021:11:21:56 +0700] "GET /favicon.ico HTTP/1.1" 500 6059
0:0:0:0:0:0:0:1 - - [28/Nov/2021:11:22:00 +0700] "GET / HTTP/1.1" 200 1160
0:0:0:0:0:0:0:1 - - [28/Nov/2021:11:22:00 +0700] "GET /favicon.ico HTTP/1.1" 500 3966
0:0:0:0:0:0:0:1 - - [28/Nov/2021:11:23:29 +0700] "GET / HTTP/1.1" 200 1222
0:0:0:0:0:0:0:1 - - [28/Nov/2021:11:23:29 +0700] "GET /favicon.ico HTTP/1.1" 500 6059
0:0:0:0:0:0:0:1 - - [28/Nov/2021:11:27:20 +0700] "GET / HTTP/1.1" 200 929
0:0:0:0:0:0:0:1 - - [28/Nov/2021:11:27:20 +0700] "GET /favicon.ico HTTP/1.1" 500 6059
0:0:0:0:0:0:0:1 - - [28/Nov/2021:11:30:43 +0700] "GET / HTTP/1.1" 200 1118
0:0:0:0:0:0:0:1 - - [28/Nov/2021:11:30:43 +0700] "GET /favicon.ico HTTP/1.1" 500 6059
0:0:0:0:0:0:0:1 - - [28/Nov/2021:11:31:46 +0700] "GET / HTTP/1.1" 200 1145
0:0:0:0:0:0:0:1 - - [28/Nov/2021:11:31:46 +0700] "GET /favicon.ico HTTP/1.1" 500 6059
0:0:0:0:0:0:0:1 - - [28/Nov/2021:11:32:53 +0700] "GET / HTTP/1.1" 200 1144
0:0:0:0:0:0:0:1 - - [28/Nov/2021:11:32:53 +0700] "GET /favicon.ico HTTP/1.1" 500 6059
0:0:0:0:0:0:0:1 - - [28/Nov/2021:11:33:24 +0700] "GET / HTTP/1.1" 200 1133
0:0:0:0:0:0:0:1 - - [28/Nov/2021:11:33:25 +0700] "GET /favicon.ico HTTP/1.1" 500 6059
0:0:0:0:0:0:0:1 - - [28/Nov/2021:11:33:34 +0700] "GET / HTTP/1.1" 200 1133
0:0:0:0:0:0:0:1 - - [28/Nov/2021:11:33:34 +0700] "GET /favicon.ico HTTP/1.1" 500 3966
0:0:0:0:0:0:0:1 - - [28/Nov/2021:11:33:37 +0700] "GET / HTTP/1.1" 200 1133
0:0:0:0:0:0:0:1 - - [28/Nov/2021:11:33:37 +0700] "GET /favicon.ico HTTP/1.1" 500 3966
0:0:0:0:0:0:0:1 - - [28/Nov/2021:12:14:31 +0700] "GET / HTTP/1.1" 200 1090
0:0:0:0:0:0:0:1 - - [28/Nov/2021:12:14:31 +0700] "GET /css/bootstrap.min.css HTTP/1.1" 304 -
0:0:0:0:0:0:0:1 - - [28/Nov/2021:12:14:31 +0700] "GET /favicon.ico HTTP/1.1" 500 6059
0:0:0:0:0:0:0:1 - - [28/Nov/2021:12:14:37 +0700] "GET /?form HTTP/1.1" 200 1279
0:0:0:0:0:0:0:1 - - [28/Nov/2021:12:14:38 +0700] "GET /favicon.ico HTTP/1.1" 500 3966
0:0:0:0:0:0:0:1 - - [28/Nov/2021:12:16:35 +0700] "GET /?form HTTP/1.1" 200 1279
0:0:0:0:0:0:0:1 - - [28/Nov/2021:12:16:35 +0700] "GET /favicon.ico HTTP/1.1" 500 6059
0:0:0:0:0:0:0:1 - - [28/Nov/2021:12:16:55 +0700] "GET / HTTP/1.1" 200 1090
0:0:0:0:0:0:0:1 - - [28/Nov/2021:12:16:55 +0700] "GET /favicon.ico HTTP/1.1" 500 3966
0:0:0:0:0:0:0:1 - - [28/Nov/2021:12:17:25 +0700] "GET / HTTP/1.1" 200 1090
0:0:0:0:0:0:0:1 - - [28/Nov/2021:12:17:25 +0700] "GET /favicon.ico HTTP/1.1" 500 3966
0:0:0:0:0:0:0:1 - - [28/Nov/2021:12:17:28 +0700] "GET /?form HTTP/1.1" 200 1279
0:0:0:0:0:0:0:1 - - [28/Nov/2021:12:17:28 +0700] "GET /favicon.ico HTTP/1.1" 500 3966
0:0:0:0:0:0:0:1 - - [28/Nov/2021:12:18:30 +0700] "GET / HTTP/1.1" 200 1090
0:0:0:0:0:0:0:1 - - [28/Nov/2021:12:18:30 +0700] "GET /favicon.ico HTTP/1.1" 500 6059
0:0:0:0:0:0:0:1 - - [28/Nov/2021:12:18:35 +0700] "GET /?form HTTP/1.1" 200 1280
0:0:0:0:0:0:0:1 - - [28/Nov/2021:12:18:35 +0700] "GET /favicon.ico HTTP/1.1" 500 3966
0:0:0:0:0:0:0:1 - - [28/Nov/2021:12:18:44 +0700] "POST /?form HTTP/1.1" 302 -
0:0:0:0:0:0:0:1 - - [28/Nov/2021:12:18:44 +0700] "GET /1 HTTP/1.1" 200 992
0:0:0:0:0:0:0:1 - - [28/Nov/2021:12:18:44 +0700] "GET /favicon.ico HTTP/1.1" 500 3966
0:0:0:0:0:0:0:1 - - [28/Nov/2021:12:20:13 +0700] "GET / HTTP/1.1" 200 1091
0:0:0:0:0:0:0:1 - - [28/Nov/2021:12:20:13 +0700] "GET /favicon.ico HTTP/1.1" 500 3966
0:0:0:0:0:0:0:1 - - [28/Nov/2021:12:27:11 +0700] "GET / HTTP/1.1" 500 12910
0:0:0:0:0:0:0:1 - - [28/Nov/2021:12:27:11 +0700] "GET /favicon.ico HTTP/1.1" 500 6059
0:0:0:0:0:0:0:1 - - [28/Nov/2021:12:30:17 +0700] "GET / HTTP/1.1" 500 7828
0:0:0:0:0:0:0:1 - - [28/Nov/2021:12:30:18 +0700] "GET /favicon.ico HTTP/1.1" 500 6059
0:0:0:0:0:0:0:1 - - [28/Nov/2021:12:31:07 +0700] "GET /?form HTTP/1.1" 200 1280
0:0:0:0:0:0:0:1 - - [28/Nov/2021:12:31:07 +0700] "GET /favicon.ico HTTP/1.1" 500 6059
0:0:0:0:0:0:0:1 - - [28/Nov/2021:12:31:19 +0700] "GET / HTTP/1.1" 200 1090
0:0:0:0:0:0:0:1 - - [28/Nov/2021:12:31:19 +0700] "GET /favicon.ico HTTP/1.1" 500 3966
0:0:0:0:0:0:0:1 - - [28/Nov/2021:12:31:24 +0700] "GET /?form HTTP/1.1" 200 1280
0:0:0:0:0:0:0:1 - - [28/Nov/2021:12:31:24 +0700] "GET /favicon.ico HTTP/1.1" 500 3966
0:0:0:0:0:0:0:1 - - [28/Nov/2021:12:31:28 +0700] "POST /?form HTTP/1.1" 302 -
0:0:0:0:0:0:0:1 - - [28/Nov/2021:12:31:28 +0700] "GET /1 HTTP/1.1" 200 990
0:0:0:0:0:0:0:1 - - [28/Nov/2021:12:31:28 +0700] "GET /favicon.ico HTTP/1.1" 500 3966
0:0:0:0:0:0:0:1 - - [28/Nov/2021:12:31:31 +0700] "GET / HTTP/1.1" 200 1089
0:0:0:0:0:0:0:1 - - [28/Nov/2021:12:31:31 +0700] "GET /favicon.ico HTTP/1.1" 500 3966
0:0:0:0:0:0:0:1 - - [28/Nov/2021:12:31:36 +0700] "GET /1 HTTP/1.1" 200 917
0:0:0:0:0:0:0:1 - - [28/Nov/2021:12:31:36 +0700] "GET /favicon.ico HTTP/1.1" 500 3966
0:0:0:0:0:0:0:1 - - [28/Nov/2021:12:31:43 +0700] "GET /favicon.ico HTTP/1.1" 500 3966
0:0:0:0:0:0:0:1 - - [28/Nov/2021:12:42:19 +0700] "GET / HTTP/1.1" 200 1090
0:0:0:0:0:0:0:1 - - [28/Nov/2021:12:42:19 +0700] "GET /favicon.ico HTTP/1.1" 500 6059
0:0:0:0:0:0:0:1 - - [28/Nov/2021:12:42:23 +0700] "GET /?form HTTP/1.1" 200 1280
0:0:0:0:0:0:0:1 - - [28/Nov/2021:12:42:23 +0700] "GET /favicon.ico HTTP/1.1" 500 3966
0:0:0:0:0:0:0:1 - - [28/Nov/2021:12:42:27 +0700] "POST /?form HTTP/1.1" 302 -
0:0:0:0:0:0:0:1 - - [28/Nov/2021:12:42:27 +0700] "GET /1 HTTP/1.1" 200 988
0:0:0:0:0:0:0:1 - - [28/Nov/2021:12:42:27 +0700] "GET /favicon.ico HTTP/1.1" 500 3966
0:0:0:0:0:0:0:1 - - [28/Nov/2021:12:42:30 +0700] "GET / HTTP/1.1" 200 1087
0:0:0:0:0:0:0:1 - - [28/Nov/2021:12:42:30 +0700] "GET /favicon.ico HTTP/1.1" 500 3966
0:0:0:0:0:0:0:1 - - [28/Nov/2021:12:42:35 +0700] "GET /1 HTTP/1.1" 200 915
0:0:0:0:0:0:0:1 - - [28/Nov/2021:12:42:35 +0700] "GET /favicon.ico HTTP/1.1" 500 3966
0:0:0:0:0:0:0:1 - - [28/Nov/2021:13:07:11 +0700] "GET / HTTP/1.1" 200 1115
0:0:0:0:0:0:0:1 - - [28/Nov/2021:13:07:12 +0700] "GET /favicon.ico HTTP/1.1" 500 6059
0:0:0:0:0:0:0:1 - - [28/Nov/2021:13:07:19 +0700] "GET /?form_task HTTP/1.1" 200 1115
0:0:0:0:0:0:0:1 - - [28/Nov/2021:13:07:20 +0700] "GET /favicon.ico HTTP/1.1" 500 3966
0:0:0:0:0:0:0:1 - - [28/Nov/2021:13:09:38 +0700] "GET / HTTP/1.1" 200 1115
0:0:0:0:0:0:0:1 - - [28/Nov/2021:13:09:38 +0700] "GET /favicon.ico HTTP/1.1" 500 6059
0:0:0:0:0:0:0:1 - - [28/Nov/2021:13:09:44 +0700] "GET / HTTP/1.1" 200 1115
0:0:0:0:0:0:0:1 - - [28/Nov/2021:13:09:45 +0700] "GET /favicon.ico HTTP/1.1" 500 3966
0:0:0:0:0:0:0:1 - - [28/Nov/2021:13:18:05 +0700] "GET / HTTP/1.1" 200 1115
0:0:0:0:0:0:0:1 - - [28/Nov/2021:13:18:05 +0700] "GET /favicon.ico HTTP/1.1" 500 3966
0:0:0:0:0:0:0:1 - - [28/Nov/2021:13:23:37 +0700] "GET / HTTP/1.1" 200 1115
0:0:0:0:0:0:0:1 - - [28/Nov/2021:13:23:37 +0700] "GET /favicon.ico HTTP/1.1" 500 6059
0:0:0:0:0:0:0:1 - - [28/Nov/2021:13:24:36 +0700] "GET /?form HTTP/1.1" 500 13261
0:0:0:0:0:0:0:1 - - [28/Nov/2021:13:24:36 +0700] "GET /favicon.ico HTTP/1.1" 500 3966
0:0:0:0:0:0:0:1 - - [28/Nov/2021:13:26:33 +0700] "GET / HTTP/1.1" 200 1116
0:0:0:0:0:0:0:1 - - [28/Nov/2021:13:26:33 +0700] "GET /favicon.ico HTTP/1.1" 500 6059
0:0:0:0:0:0:0:1 - - [28/Nov/2021:13:26:37 +0700] "GET /?form HTTP/1.1" 500 13261
0:0:0:0:0:0:0:1 - - [28/Nov/2021:13:26:37 +0700] "GET /favicon.ico HTTP/1.1" 500 3966
0:0:0:0:0:0:0:1 - - [28/Nov/2021:13:27:55 +0700] "GET / HTTP/1.1" 200 1116
0:0:0:0:0:0:0:1 - - [28/Nov/2021:13:27:55 +0700] "GET /favicon.ico HTTP/1.1" 500 6059
0:0:0:0:0:0:0:1 - - [28/Nov/2021:13:27:58 +0700] "GET /?form HTTP/1.1" 500 13261
0:0:0:0:0:0:0:1 - - [28/Nov/2021:13:27:58 +0700] "GET /favicon.ico HTTP/1.1" 500 3966
0:0:0:0:0:0:0:1 - - [28/Nov/2021:13:29:42 +0700] "GET / HTTP/1.1" 200 1116
0:0:0:0:0:0:0:1 - - [28/Nov/2021:13:29:42 +0700] "GET /favicon.ico HTTP/1.1" 500 6059
0:0:0:0:0:0:0:1 - - [28/Nov/2021:13:29:45 +0700] "GET /?form HTTP/1.1" 500 13261
0:0:0:0:0:0:0:1 - - [28/Nov/2021:13:29:45 +0700] "GET /favicon.ico HTTP/1.1" 500 3966
0:0:0:0:0:0:0:1 - - [28/Nov/2021:13:32:47 +0700] "GET / HTTP/1.1" 200 1116
0:0:0:0:0:0:0:1 - - [28/Nov/2021:13:32:47 +0700] "GET /favicon.ico HTTP/1.1" 500 6059
0:0:0:0:0:0:0:1 - - [28/Nov/2021:13:32:50 +0700] "GET /?form HTTP/1.1" 200 1280
0:0:0:0:0:0:0:1 - - [28/Nov/2021:13:32:50 +0700] "GET /favicon.ico HTTP/1.1" 500 3966
0:0:0:0:0:0:0:1 - - [28/Nov/2021:13:33:52 +0700] "POST /?form HTTP/1.1" 302 -
0:0:0:0:0:0:0:1 - - [28/Nov/2021:13:33:53 +0700] "GET /1 HTTP/1.1" 200 999
0:0:0:0:0:0:0:1 - - [28/Nov/2021:13:33:53 +0700] "GET /favicon.ico HTTP/1.1" 500 3966
0:0:0:0:0:0:0:1 - - [28/Nov/2021:13:37:26 +0700] "GET / HTTP/1.1" 200 1116
0:0:0:0:0:0:0:1 - - [28/Nov/2021:13:37:26 +0700] "GET /favicon.ico HTTP/1.1" 500 6059
0:0:0:0:0:0:0:1 - - [28/Nov/2021:13:37:28 +0700] "GET /?form HTTP/1.1" 200 1269
0:0:0:0:0:0:0:1 - - [28/Nov/2021:13:37:28 +0700] "GET /favicon.ico HTTP/1.1" 500 3966
0:0:0:0:0:0:0:1 - - [28/Nov/2021:13:37:42 +0700] "POST /?form HTTP/1.1" 302 -
0:0:0:0:0:0:0:1 - - [28/Nov/2021:13:37:42 +0700] "GET /1 HTTP/1.1" 500 11560
0:0:0:0:0:0:0:1 - - [28/Nov/2021:13:37:42 +0700] "GET /favicon.ico HTTP/1.1" 500 3966
0:0:0:0:0:0:0:1 - - [28/Nov/2021:13:39:22 +0700] "GET / HTTP/1.1" 200 1116
0:0:0:0:0:0:0:1 - - [28/Nov/2021:13:39:22 +0700] "GET /favicon.ico HTTP/1.1" 500 6059
0:0:0:0:0:0:0:1 - - [28/Nov/2021:13:39:24 +0700] "GET /?form HTTP/1.1" 200 1269
0:0:0:0:0:0:0:1 - - [28/Nov/2021:13:39:24 +0700] "GET /favicon.ico HTTP/1.1" 500 3966
0:0:0:0:0:0:0:1 - - [28/Nov/2021:13:39:28 +0700] "POST /?form HTTP/1.1" 302 -
0:0:0:0:0:0:0:1 - - [28/Nov/2021:13:39:28 +0700] "GET /1 HTTP/1.1" 500 12713
0:0:0:0:0:0:0:1 - - [28/Nov/2021:13:39:28 +0700] "GET /favicon.ico HTTP/1.1" 500 3966
0:0:0:0:0:0:0:1 - - [28/Nov/2021:13:42:52 +0700] "GET / HTTP/1.1" 200 1116
0:0:0:0:0:0:0:1 - - [28/Nov/2021:13:42:52 +0700] "GET /favicon.ico HTTP/1.1" 500 6059
0:0:0:0:0:0:0:1 - - [28/Nov/2021:13:42:54 +0700] "GET /?form HTTP/1.1" 200 1269
0:0:0:0:0:0:0:1 - - [28/Nov/2021:13:42:54 +0700] "GET /favicon.ico HTTP/1.1" 500 3966
127.0.0.1 - - [28/Nov/2021:13:42:58 +0700] "POST /?form HTTP/1.1" 302 -
127.0.0.1 - - [28/Nov/2021:13:42:58 +0700] "GET /1 HTTP/1.1" 200 1278
127.0.0.1 - - [28/Nov/2021:13:42:58 +0700] "GET /favicon.ico HTTP/1.1" 500 3966
0:0:0:0:0:0:0:1 - - [28/Nov/2021:13:46:44 +0700] "GET /1 HTTP/1.1" 500 10983
127.0.0.1 - - [28/Nov/2021:13:46:44 +0700] "GET /favicon.ico HTTP/1.1" 500 6059
0:0:0:0:0:0:0:1 - - [28/Nov/2021:13:47:41 +0700] "GET / HTTP/1.1" 200 1116
0:0:0:0:0:0:0:1 - - [28/Nov/2021:13:47:42 +0700] "GET /favicon.ico HTTP/1.1" 500 6059
0:0:0:0:0:0:0:1 - - [28/Nov/2021:13:47:45 +0700] "GET /?form HTTP/1.1" 200 1269
0:0:0:0:0:0:0:1 - - [28/Nov/2021:13:47:46 +0700] "GET /favicon.ico HTTP/1.1" 500 3966
0:0:0:0:0:0:0:1 - - [28/Nov/2021:13:47:51 +0700] "POST /?form HTTP/1.1" 302 -
0:0:0:0:0:0:0:1 - - [28/Nov/2021:13:47:51 +0700] "GET /1 HTTP/1.1" 200 1065
0:0:0:0:0:0:0:1 - - [28/Nov/2021:13:47:51 +0700] "GET /favicon.ico HTTP/1.1" 500 3966
0:0:0:0:0:0:0:1 - - [28/Nov/2021:13:48:25 +0700] "GET /?form HTTP/1.1" 200 1269
0:0:0:0:0:0:0:1 - - [28/Nov/2021:13:48:25 +0700] "GET /favicon.ico HTTP/1.1" 500 3966
0:0:0:0:0:0:0:1 - - [28/Nov/2021:13:48:27 +0700] "GET /?form HTTP/1.1" 200 1269
0:0:0:0:0:0:0:1 - - [28/Nov/2021:13:48:27 +0700] "GET /favicon.ico HTTP/1.1" 500 3966
0:0:0:0:0:0:0:1 - - [28/Nov/2021:13:48:52 +0700] "GET / HTTP/1.1" 200 1116
0:0:0:0:0:0:0:1 - - [28/Nov/2021:13:48:52 +0700] "GET /favicon.ico HTTP/1.1" 500 6059
0:0:0:0:0:0:0:1 - - [28/Nov/2021:13:48:55 +0700] "GET /?form HTTP/1.1" 200 1269
0:0:0:0:0:0:0:1 - - [28/Nov/2021:13:48:55 +0700] "GET /favicon.ico HTTP/1.1" 500 3966
0:0:0:0:0:0:0:1 - - [28/Nov/2021:13:49:01 +0700] "POST /?form HTTP/1.1" 302 -
0:0:0:0:0:0:0:1 - - [28/Nov/2021:13:49:01 +0700] "GET /1 HTTP/1.1" 200 1051
0:0:0:0:0:0:0:1 - - [28/Nov/2021:13:49:01 +0700] "GET /favicon.ico HTTP/1.1" 500 3966
0:0:0:0:0:0:0:1 - - [28/Nov/2021:13:49:35 +0700] "GET /1 HTTP/1.1" 500 10983
0:0:0:0:0:0:0:1 - - [28/Nov/2021:13:49:35 +0700] "GET /favicon.ico HTTP/1.1" 500 6059
0:0:0:0:0:0:0:1 - - [28/Nov/2021:13:50:00 +0700] "GET / HTTP/1.1" 200 1116
0:0:0:0:0:0:0:1 - - [28/Nov/2021:13:50:00 +0700] "GET /favicon.ico HTTP/1.1" 500 6059
0:0:0:0:0:0:0:1 - - [28/Nov/2021:13:50:04 +0700] "GET /?form HTTP/1.1" 200 1269
0:0:0:0:0:0:0:1 - - [28/Nov/2021:13:50:05 +0700] "GET /favicon.ico HTTP/1.1" 500 3966
0:0:0:0:0:0:0:1 - - [28/Nov/2021:13:50:08 +0700] "POST /?form HTTP/1.1" 302 -
0:0:0:0:0:0:0:1 - - [28/Nov/2021:13:50:08 +0700] "GET /1 HTTP/1.1" 200 1040
0:0:0:0:0:0:0:1 - - [28/Nov/2021:13:50:08 +0700] "GET /favicon.ico HTTP/1.1" 500 3966
0:0:0:0:0:0:0:1 - - [28/Nov/2021:13:51:13 +0700] "GET / HTTP/1.1" 200 1116
0:0:0:0:0:0:0:1 - - [28/Nov/2021:13:51:13 +0700] "GET /favicon.ico HTTP/1.1" 500 6059
0:0:0:0:0:0:0:1 - - [28/Nov/2021:13:51:15 +0700] "GET /?form HTTP/1.1" 200 1269
0:0:0:0:0:0:0:1 - - [28/Nov/2021:13:51:15 +0700] "GET /favicon.ico HTTP/1.1" 500 3966
0:0:0:0:0:0:0:1 - - [28/Nov/2021:13:51:20 +0700] "POST /?form HTTP/1.1" 302 -
0:0:0:0:0:0:0:1 - - [28/Nov/2021:13:51:20 +0700] "GET /1 HTTP/1.1" 500 7833
0:0:0:0:0:0:0:1 - - [28/Nov/2021:13:51:20 +0700] "GET /favicon.ico HTTP/1.1" 500 3966
127.0.0.1 - - [28/Nov/2021:13:52:13 +0700] "GET / HTTP/1.1" 200 1116
127.0.0.1 - - [28/Nov/2021:13:52:13 +0700] "GET /favicon.ico HTTP/1.1" 500 6059
127.0.0.1 - - [28/Nov/2021:13:52:15 +0700] "GET /?form HTTP/1.1" 200 1269
127.0.0.1 - - [28/Nov/2021:13:52:15 +0700] "GET /favicon.ico HTTP/1.1" 500 3966
0:0:0:0:0:0:0:1 - - [28/Nov/2021:13:52:19 +0700] "POST /?form HTTP/1.1" 302 -
0:0:0:0:0:0:0:1 - - [28/Nov/2021:13:52:19 +0700] "GET /1 HTTP/1.1" 500 7833
0:0:0:0:0:0:0:1 - - [28/Nov/2021:13:52:20 +0700] "GET /favicon.ico HTTP/1.1" 500 3966
0:0:0:0:0:0:0:1 - - [28/Nov/2021:13:53:24 +0700] "GET / HTTP/1.1" 200 1116
0:0:0:0:0:0:0:1 - - [28/Nov/2021:13:53:24 +0700] "GET /favicon.ico HTTP/1.1" 500 6059
0:0:0:0:0:0:0:1 - - [28/Nov/2021:13:53:26 +0700] "GET /?form HTTP/1.1" 200 1269
0:0:0:0:0:0:0:1 - - [28/Nov/2021:13:53:26 +0700] "GET /favicon.ico HTTP/1.1" 500 3966
0:0:0:0:0:0:0:1 - - [28/Nov/2021:13:53:29 +0700] "POST /?form HTTP/1.1" 302 -
0:0:0:0:0:0:0:1 - - [28/Nov/2021:13:53:29 +0700] "GET /1 HTTP/1.1" 200 1078
0:0:0:0:0:0:0:1 - - [28/Nov/2021:13:53:29 +0700] "GET /favicon.ico HTTP/1.1" 500 3966
0:0:0:0:0:0:0:1 - - [28/Nov/2021:13:55:39 +0700] "GET / HTTP/1.1" 200 1116
0:0:0:0:0:0:0:1 - - [28/Nov/2021:13:55:39 +0700] "GET /favicon.ico HTTP/1.1" 500 6059
0:0:0:0:0:0:0:1 - - [28/Nov/2021:13:55:41 +0700] "GET /?form HTTP/1.1" 200 1269
0:0:0:0:0:0:0:1 - - [28/Nov/2021:13:55:41 +0700] "GET /favicon.ico HTTP/1.1" 500 3966
0:0:0:0:0:0:0:1 - - [28/Nov/2021:13:55:45 +0700] "POST /?form HTTP/1.1" 302 -
0:0:0:0:0:0:0:1 - - [28/Nov/2021:13:55:45 +0700] "GET /1 HTTP/1.1" 200 1177
0:0:0:0:0:0:0:1 - - [28/Nov/2021:13:55:45 +0700] "GET /favicon.ico HTTP/1.1" 500 3966
0:0:0:0:0:0:0:1 - - [28/Nov/2021:13:56:49 +0700] "GET / HTTP/1.1" 200 1116
0:0:0:0:0:0:0:1 - - [28/Nov/2021:13:56:49 +0700] "GET /favicon.ico HTTP/1.1" 500 6059
0:0:0:0:0:0:0:1 - - [28/Nov/2021:13:56:51 +0700] "GET /?form HTTP/1.1" 200 1269
0:0:0:0:0:0:0:1 - - [28/Nov/2021:13:56:51 +0700] "GET /favicon.ico HTTP/1.1" 500 3966
0:0:0:0:0:0:0:1 - - [28/Nov/2021:13:56:56 +0700] "POST /?form HTTP/1.1" 302 -
0:0:0:0:0:0:0:1 - - [28/Nov/2021:13:56:56 +0700] "GET /1 HTTP/1.1" 200 1177
0:0:0:0:0:0:0:1 - - [28/Nov/2021:13:56:56 +0700] "GET /favicon.ico HTTP/1.1" 500 3966
0:0:0:0:0:0:0:1 - - [28/Nov/2021:14:04:10 +0700] "GET / HTTP/1.1" 200 1116
0:0:0:0:0:0:0:1 - - [28/Nov/2021:14:04:10 +0700] "GET /favicon.ico HTTP/1.1" 500 6059
0:0:0:0:0:0:0:1 - - [28/Nov/2021:14:04:12 +0700] "GET /?form HTTP/1.1" 200 1269
0:0:0:0:0:0:0:1 - - [28/Nov/2021:14:04:12 +0700] "GET /favicon.ico HTTP/1.1" 500 3966
0:0:0:0:0:0:0:1 - - [28/Nov/2021:14:04:17 +0700] "POST /?form HTTP/1.1" 302 -
0:0:0:0:0:0:0:1 - - [28/Nov/2021:14:04:17 +0700] "GET /1 HTTP/1.1" 200 1168
0:0:0:0:0:0:0:1 - - [28/Nov/2021:14:04:17 +0700] "GET /favicon.ico HTTP/1.1" 500 3966
0:0:0:0:0:0:0:1 - - [28/Nov/2021:14:04:43 +0700] "GET / HTTP/1.1" 200 1115
0:0:0:0:0:0:0:1 - - [28/Nov/2021:14:04:43 +0700] "GET /favicon.ico HTTP/1.1" 500 3966
0:0:0:0:0:0:0:1 - - [28/Nov/2021:14:10:47 +0700] "GET / HTTP/1.1" 200 1115
0:0:0:0:0:0:0:1 - - [28/Nov/2021:14:10:47 +0700] "GET /css/bootstrap.min.css HTTP/1.1" 304 -
0:0:0:0:0:0:0:1 - - [28/Nov/2021:14:10:47 +0700] "GET /favicon.ico HTTP/1.1" 500 3966
0:0:0:0:0:0:0:1 - - [28/Nov/2021:14:12:10 +0700] "GET /?form HTTP/1.1" 200 1269
0:0:0:0:0:0:0:1 - - [28/Nov/2021:14:12:10 +0700] "GET /favicon.ico HTTP/1.1" 500 3966
0:0:0:0:0:0:0:1 - - [28/Nov/2021:14:12:14 +0700] "POST /?form HTTP/1.1" 302 -
0:0:0:0:0:0:0:1 - - [28/Nov/2021:14:12:14 +0700] "GET /2 HTTP/1.1" 200 1168
0:0:0:0:0:0:0:1 - - [28/Nov/2021:14:12:14 +0700] "GET /favicon.ico HTTP/1.1" 500 3966
0:0:0:0:0:0:0:1 - - [28/Nov/2021:21:21:01 +0700] "GET / HTTP/1.1" 200 1116
0:0:0:0:0:0:0:1 - - [28/Nov/2021:21:21:01 +0700] "GET /css/bootstrap.min.css HTTP/1.1" 200 83044
0:0:0:0:0:0:0:1 - - [28/Nov/2021:21:21:01 +0700] "GET /favicon.ico HTTP/1.1" 500 6059
0:0:0:0:0:0:0:1 - - [28/Nov/2021:21:21:22 +0700] "GET / HTTP/1.1" 200 1116
0:0:0:0:0:0:0:1 - - [28/Nov/2021:21:21:22 +0700] "GET /favicon.ico HTTP/1.1" 500 3966
0:0:0:0:0:0:0:1 - - [28/Nov/2021:21:21:26 +0700] "GET /?form HTTP/1.1" 200 1269
0:0:0:0:0:0:0:1 - - [28/Nov/2021:21:21:26 +0700] "GET /favicon.ico HTTP/1.1" 500 3966
0:0:0:0:0:0:0:1 - - [28/Nov/2021:21:21:33 +0700] "POST /?form HTTP/1.1" 302 -
0:0:0:0:0:0:0:1 - - [28/Nov/2021:21:21:33 +0700] "GET /1 HTTP/1.1" 200 1177
0:0:0:0:0:0:0:1 - - [28/Nov/2021:21:21:33 +0700] "GET /favicon.ico HTTP/1.1" 500 3966
0:0:0:0:0:0:0:1 - - [28/Nov/2021:21:21:44 +0700] "GET / HTTP/1.1" 200 1124
0:0:0:0:0:0:0:1 - - [28/Nov/2021:21:21:44 +0700] "GET /favicon.ico HTTP/1.1" 500 3966
0:0:0:0:0:0:0:1 - - [28/Nov/2021:21:23:23 +0700] "GET /?form HTTP/1.1" 200 1269
0:0:0:0:0:0:0:1 - - [28/Nov/2021:21:23:23 +0700] "GET /favicon.ico HTTP/1.1" 500 3966
0:0:0:0:0:0:0:1 - - [28/Nov/2021:21:23:28 +0700] "POST /?form HTTP/1.1" 302 -
0:0:0:0:0:0:0:1 - - [28/Nov/2021:21:23:28 +0700] "GET /2 HTTP/1.1" 200 1168
0:0:0:0:0:0:0:1 - - [28/Nov/2021:21:23:28 +0700] "GET /favicon.ico HTTP/1.1" 500 3966
0:0:0:0:0:0:0:1 - - [28/Nov/2021:21:28:59 +0700] "GET / HTTP/1.1" 200 1249
0:0:0:0:0:0:0:1 - - [28/Nov/2021:21:28:59 +0700] "GET /favicon.ico HTTP/1.1" 500 3966
0:0:0:0:0:0:0:1 - - [28/Nov/2021:21:30:16 +0700] "GET /?form HTTP/1.1" 200 1269
0:0:0:0:0:0:0:1 - - [28/Nov/2021:21:30:16 +0700] "GET /favicon.ico HTTP/1.1" 500 3966
0:0:0:0:0:0:0:1 - - [28/Nov/2021:21:30:24 +0700] "POST /?form HTTP/1.1" 302 -
0:0:0:0:0:0:0:1 - - [28/Nov/2021:21:30:24 +0700] "GET /3 HTTP/1.1" 200 1170
0:0:0:0:0:0:0:1 - - [28/Nov/2021:21:30:25 +0700] "GET /favicon.ico HTTP/1.1" 500 3966
